[debug] > Exec(early(addDefaultCommands), None, None)
[debug] > Exec(addDefaultCommands, None, None)
[debug] > Exec(early(initialize), None, None)
[debug] > Exec(initialize, None, None)
[debug] > Exec(boot, None, None)
[debug] > Exec(writeSbtVersion, None, None)
[debug] > Exec(reload, None, None)
[debug] > Exec(sbtStashOnFailure, None, None)
[debug] > Exec(onFailure loadFailed, None, None)
[debug] > Exec(loadp, None, None)
[info] welcome to sbt 1.11.7 (Oracle Corporation Java 21.0.3)
[debug] Load.defaultLoad until apply took 661.4291ms
[debug]           Load.loadUnit: plugins took 1039.1496ms
[debug]           Load.loadUnit: defsScala took 0.6741ms
[debug] [Loading] Scanning directory D:\Scala-learning\ScalaLearning\FirstScala\project
[debug] [Loading] Found non-root projects 
[debug] [Loading] Done in D:\Scala-learning\ScalaLearning\FirstScala\project, returning: ()
[debug] deducing auto plugins based on known facts Set(Atom(sbt.plugins.CorePlugin)) and clauses Clauses(Clause(Atom(sbt.plugins.JvmPlugin),Set(Atom(sbt.plugins.IvyPlugin)))
[debug] Clause(Atom(sbt.ScriptedPlugin),Set(Atom(sbt.plugins.JvmPlugin)))
[debug] Clause(Atom(sbt.plugins.SbtPlugin),Set(Atom(sbt.ScriptedPlugin)))
[debug] Clause(Atom(sbt.plugins.SemanticdbPlugin),Set(Atom(sbt.plugins.JvmPlugin)))
[debug] Clause(Atom(sbt.plugins.JUnitXmlReportPlugin),Set(Atom(sbt.plugins.JvmPlugin)))
[debug] Clause(Atom(sbt.plugins.MiniDependencyTreePlugin),Set(Atom(sbt.plugins.JvmPlugin)))
[debug] Clause(Atom(sbt.plugins.CorePlugin),Set(Atom(sbt.plugins.IvyPlugin)))
[debug] Clause(Atom(sbt.plugins.IvyPlugin),Set(Atom(sbt.plugins.JvmPlugin)))
[debug] Clause(Atom(sbt.plugins.JvmPlugin),Set(Atom(sbt.plugins.SemanticdbPlugin)))
[debug] Clause(Atom(sbt.plugins.JvmPlugin),Set(Atom(sbt.plugins.JUnitXmlReportPlugin)))
[debug] Clause(Atom(sbt.plugins.CorePlugin),Set(Atom(sbt.plugins.Giter8TemplatePlugin)))
[debug] Clause(Atom(sbt.plugins.JvmPlugin),Set(Atom(sbt.plugins.MiniDependencyTreePlugin))))
[debug]   :: deduced result: Matched(sbt.plugins.CorePlugin,sbt.plugins.Giter8TemplatePlugin,sbt.plugins.IvyPlugin,sbt.plugins.JvmPlugin,sbt.plugins.MiniDependencyTreePlugin,sbt.plugins.JUnitXmlReportPlugin,sbt.plugins.SemanticdbPlugin)
[debug] Plugins.deducer#function took 40.9127 ms
[debug]               Load.resolveProject(firstscala-build) took 122.3585ms
[debug]             Load.loadTransitive: finalizeProject(Project(id firstscala-build, base: D:\Scala-learning\ScalaLearning\FirstScala\project, plugins: List(<none>))) took 226.316ms
[debug] [Loading] Done in D:\Scala-learning\ScalaLearning\FirstScala\project, returning: (firstscala-build)
[debug]           Load.loadUnit: loadedProjectsRaw took 311.1411ms
[debug]           Load.loadUnit: cleanEvalClasses took 1.8599ms
[debug]         Load.loadUnit(file:/D:/Scala-learning/ScalaLearning/FirstScala/project/, ...) took 1390.5139ms
[debug]       Load.apply: load took 2035.0365ms
[debug]       Load.apply: resolveProjects took 12.8078ms
[debug]       Load.apply: finalTransforms took 181.7421ms
[debug]       Load.apply: config.delegates took 37.3211ms
[debug]       Load.apply: Def.make(settings)... took 1967.1491ms
[debug]       Load.apply: structureIndex took 361.9304ms
[debug]       Load.apply: mkStreams took 2.941ms
[info] loading project definition from D:\Scala-learning\ScalaLearning\FirstScala\project
[debug] Running task... Cancel: Signal, check cycles: false, forcegc: true
